warning: Ignoring existing virtual environment linked to non-existent Python interpreter: .venv/bin/python3 -> python
Downloading cpython-3.10.20-linux-aarch64-gnu (download) (28.8MiB)
 Downloaded cpython-3.10.20-linux-aarch64-gnu (download)
Using CPython 3.10.20
Removed virtual environment at: .venv
Creating virtual environment at: .venv
warning: Failed to hardlink files; falling back to full copy. This may lead to degraded performance.
         If the cache and target directories are on different filesystems, hardlinking may not be supported.
         If this is intentional, set `export UV_LINK_MODE=copy` or use `--link-mode=copy` to suppress this warning.
Installed 51 packages in 36.16s
/Users/adham/Downloads/remoroo_offline_engine/autoresearch/.venv/lib/python3.10/site-packages/torch/amp/autocast_mode.py:287: UserWarning: In CPU autocast, but the target dtype is not supported. Disabling autocast.
CPU Autocast only supports dtype of torch.bfloat16, torch.float16 currently.
  warnings.warn(error_message)
Vocab size: 8,192
Model config: {'sequence_len': 2048, 'vocab_size': 8192, 'n_layer': 10, 'n_head': 5, 'n_kv_head': 5, 'n_embd': 640, 'window_pattern': 'SSSL'}
Parameter counts:
  wte                     : 5,242,880
  value_embeds            : 26,214,400
  lm_head                 : 5,242,880
  transformer_matrices    : 49,152,800
  scalars                 : 20
  total                   : 85,852,980
Estimated FLOPs per token: 4.286102e+08
Scaling AdamW LRs by 1/sqrt(640/768) = 1.095445
Time budget: 900s total (756s train, ~134s eval, 10s grace)
Gradient accumulation steps: 2
